<?xml version="1.0" encoding="UTF-8"?>
<!-- Generated by org.testng.reporters.JUnitReportReporter -->
<testsuite hostname="DESKTOP-18BP1P8" failures="0" tests="3" name="Test_Classes.Mirafit_ShopbySports_Test" time="161.832" errors="0" timestamp="2022-03-15T15:34:54 IST" skipped="0">
  <testcase classname="Test_Classes.Mirafit_ShopbySports_Test" name="login" time="10.543"/>
  <system-out>
    <![CDATA[Manoj Sirsat
manojsirsat1997@gmail.com]]>
  </system-out>
  <testcase classname="Test_Classes.Mirafit_ShopbySports_Test" name="ShopbySports" time="76.085"/>
  <system-out>
    <![CDATA[Product Image Displayed
Mirafit Multi Grip Wall Mounted Pull Up Bar has been added to your Wish List. Click here to continue shopping.
 The Product is IN STOCK
48  Reviews
You have no items in your shopping cart.
Click here to continue shopping.]]>
  </system-out>
  <testcase classname="Test_Classes.Mirafit_ShopbySports_Test" name="logout" time="75.204"/>
  <system-out>
    <![CDATA[YOU ARE SIGNED OUT]]>
  </system-out>
</testsuite> <!-- Test_Classes.Mirafit_ShopbySports_Test -->
