<?xml version="1.0" encoding="UTF-8"?>
<!-- Generated by org.testng.reporters.JUnitReportReporter -->
<testsuite hostname="DESKTOP-18BP1P8" failures="0" tests="3" name="Test_Classes.Mirafirt_test_ParallelBar" time="74.924" errors="0" timestamp="2022-10-14T11:53:03 IST" skipped="0">
  <testcase classname="Test_Classes.Mirafirt_test_ParallelBar" name="login" time="9.108"/>
  <system-out>
    <![CDATA[Manoj Sirsat
manojsirsat1997@gmail.com]]>
  </system-out>
  <testcase classname="Test_Classes.Mirafirt_test_ParallelBar" name="parallelbar" time="57.701"/>
  <system-out>
    <![CDATA[Product Image Displayed
Invalid Form Key. Please refresh the page.
Mirafit Mini Parallettes has been added to your Wish List. Click here to continue shopping.
Mirafit Mini Parallettes has been added to your Wish List. Click here to continue shopping.
 The Product is IN STOCK
14  Reviews
You have no items in your shopping cart.
Click here to continue shopping.]]>
  </system-out>
  <testcase classname="Test_Classes.Mirafirt_test_ParallelBar" name="logout" time="8.115"/>
  <system-out>
    <![CDATA[YOU ARE SIGNED OUT]]>
  </system-out>
</testsuite> <!-- Test_Classes.Mirafirt_test_ParallelBar -->
