<?xml version="1.0" encoding="UTF-8"?>
<!-- Generated by org.testng.reporters.JUnitReportReporter -->
<testsuite hostname="DESKTOP-18BP1P8" failures="0" tests="1" name="Test_Classes.Mirafit_Footer_Shop_Test" time="43.921" errors="0" timestamp="2022-07-06T13:05:01 IST" skipped="0">
  <testcase classname="Test_Classes.Mirafit_Footer_Shop_Test" name="Footer_Shop_Option" time="43.921"/>
  <system-out>
    <![CDATA[Strength Equipment
The URL for Strength_Equipment is https://mirafit.co.uk/strength-equipment.html
The actual and expected URL is same 
-----------------------------------------
Weights & Bars
The URL for Weights_Bars is https://mirafit.co.uk/weights-and-bars.html
The actual and expected URL is same 
-----------------------------------------
Conditioning
The URL for Conditioning is https://mirafit.co.uk/conditioning.html
The actual and expected URL is same 
-----------------------------------------
Gym Storage
The URL for Gym_Storage is https://mirafit.co.uk/storage.html
The actual and expected URL is same 
-----------------------------------------
Accessories
The URL for Accessories is https://mirafit.co.uk/accessories.html
The actual and expected URL is same 
-----------------------------------------
Packages
The URL for Packages is https://mirafit.co.uk/packages.html
The actual and expected URL is same 
-----------------------------------------
Shop by Sport
The URL for Shop_by_sport is https://mirafit.co.uk/shop-by-sport.html
The actual and expected URL is same 
-----------------------------------------]]>
  </system-out>
</testsuite> <!-- Test_Classes.Mirafit_Footer_Shop_Test -->
