<?xml version="1.0" encoding="UTF-8"?>
<!-- Generated by org.testng.reporters.JUnitReportReporter -->
<testsuite hostname="DESKTOP-18BP1P8" failures="0" tests="1" name="Test_Classes.Mirafit_Footer_Company_Test" time="28.678" errors="0" timestamp="2022-10-10T14:08:52 IST" skipped="0">
  <testcase classname="Test_Classes.Mirafit_Footer_Company_Test" name="Footer_Help_Menu" time="28.678"/>
  <system-out>
    <![CDATA[About Us
The URL for About_US is https://mirafit.co.uk/about-us
The actual and expected URL is same 
-----------------------------------------
Athletes
The URL for Athletes is https://mirafit.co.uk/athletes
The actual and expected URL is same 
-----------------------------------------
Blog
The URL for Blog is https://mirafit.co.uk/blog
The actual and expected URL is same 
-----------------------------------------
Careers
The URL for Careers is https://mirafit.co.uk/careers
The actual and expected URL is same 
-----------------------------------------
FAQs
The URL for FAQs is https://mirafit.co.uk/faqs
The actual and expected URL is same 
-----------------------------------------]]>
  </system-out>
</testsuite> <!-- Test_Classes.Mirafit_Footer_Company_Test -->
