<?xml version="1.0" encoding="UTF-8"?>
<!-- Generated by org.testng.reporters.JUnitReportReporter -->
<testsuite hostname="DESKTOP-18BP1P8" failures="0" tests="3" name="Test_Classes.Mirafit_ParallelBars_Homepage_Image_Test" time="64.343" errors="0" timestamp="2022-03-15T18:28:01 IST" skipped="0">
  <testcase classname="Test_Classes.Mirafit_ParallelBars_Homepage_Image_Test" name="login" time="10.104"/>
  <system-out>
    <![CDATA[Manoj Sirsat
manojsirsat1997@gmail.com]]>
  </system-out>
  <testcase classname="Test_Classes.Mirafit_ParallelBars_Homepage_Image_Test" name="parallelbar" time="49.583"/>
  <system-out>
    <![CDATA[The Url matched
Product Image Displayed
Mirafit M2 Flat Weight Bench has been added to your Wish List. Click here to continue shopping.
 The Product is IN STOCK
You have no items in your shopping cart.
Click here to continue shopping.]]>
  </system-out>
  <testcase classname="Test_Classes.Mirafit_ParallelBars_Homepage_Image_Test" name="logout" time="4.656"/>
  <system-out>
    <![CDATA[YOU ARE SIGNED OUT]]>
  </system-out>
</testsuite> <!-- Test_Classes.Mirafit_ParallelBars_Homepage_Image_Test -->
