<?xml version="1.0" encoding="UTF-8"?>
<!-- Generated by org.testng.reporters.JUnitReportReporter -->
<testsuite hostname="DESKTOP-18BP1P8" failures="0" tests="1" name="Test_Classes.Mirafit_Share_Test" time="32.364" errors="0" timestamp="2022-07-06T11:49:07 IST" skipped="0">
  <testcase classname="Test_Classes.Mirafit_Share_Test" name="Share_Options" time="32.364"/>
  <system-out/>
</testsuite> <!-- Test_Classes.Mirafit_Share_Test -->
