<?xml version="1.0" encoding="UTF-8"?>
<!-- Generated by org.testng.reporters.JUnitReportReporter -->
<testsuite hostname="DESKTOP-18BP1P8" failures="0" tests="3" name="Test_Classes.Mirafit_ProfileName_Test" time="15.770" errors="0" timestamp="2022-03-14T13:05:58 IST" skipped="0">
  <testcase classname="Test_Classes.Mirafit_ProfileName_Test" name="login" time="10.717"/>
  <system-out/>
  <testcase classname="Test_Classes.Mirafit_ProfileName_Test" name="ProfileName" time="0.088"/>
  <system-out>
    <![CDATA[Manoj Sirsat
manojsirsat1997@gmail.com]]>
  </system-out>
  <testcase classname="Test_Classes.Mirafit_ProfileName_Test" name="logout" time="4.965"/>
  <system-out>
    <![CDATA[YOU ARE SIGNED OUT]]>
  </system-out>
</testsuite> <!-- Test_Classes.Mirafit_ProfileName_Test -->
