<?xml version="1.0" encoding="UTF-8"?>
<!-- Generated by org.testng.reporters.JUnitReportReporter -->
<testsuite hostname="DESKTOP-18BP1P8" failures="0" tests="3" name="Test_Classes.Mirafit_AddToCart_TotalPrice_test" time="65.166" errors="0" timestamp="2022-10-10T15:46:50 IST" skipped="0">
  <testcase classname="Test_Classes.Mirafit_AddToCart_TotalPrice_test" name="login" time="8.756"/>
  <system-out>
    <![CDATA[Manoj Sirsat
manojsirsat1997@gmail.com]]>
  </system-out>
  <testcase classname="Test_Classes.Mirafit_AddToCart_TotalPrice_test" name="AddToCart" time="54.298"/>
  <system-out>
    <![CDATA[Button is Disabled
Button enabled
DUMBBELLS
Product Image Displayed
Mirafit Rubber Dumbbell Set - Choice of Weight has been added to your Wish List. Click here to continue shopping.
 The Product is IN STOCK
125  Reviews
The product Info is Mirafit Rubber Dumbbell Set - Choice Of Weight
Size
2 x 22.5kg (45kg)
Product price is £129.95
The TC for Product price is Fail
The product subtotal is £1,299.50
The TC for Subtotal is Fail
The Shipping charges are £4.95
The TC for Charges is Pass
The order total is £1,304.45
The TC for Order Total is Fail]]>
  </system-out>
  <testcase classname="Test_Classes.Mirafit_AddToCart_TotalPrice_test" name="logout" time="2.112"/>
  <system-out>
    <![CDATA[ACCOUNT]]>
  </system-out>
</testsuite> <!-- Test_Classes.Mirafit_AddToCart_TotalPrice_test -->
