<?xml version="1.0" encoding="UTF-8"?>
<!-- Generated by org.testng.reporters.JUnitReportReporter -->
<testsuite hostname="DESKTOP-18BP1P8" failures="0" tests="3" name="Test_Classes.Mirafirt_Remove_AllFromCart_Test" time="56.675" errors="0" timestamp="2022-10-11T17:24:35 IST" skipped="0">
  <testcase classname="Test_Classes.Mirafirt_Remove_AllFromCart_Test" name="login" time="9.514"/>
  <system-out>
    <![CDATA[Manoj Sirsat
manojsirsat1997@gmail.com]]>
  </system-out>
  <testcase classname="Test_Classes.Mirafirt_Remove_AllFromCart_Test" name="Clear_Shopping_Cart" time="40.510"/>
  <system-out>
    <![CDATA[Product Image Displayed
 The Product is IN STOCK
14  Reviews
 The Product is IN STOCK
51  Reviews]]>
  </system-out>
  <testcase classname="Test_Classes.Mirafirt_Remove_AllFromCart_Test" name="logout" time="6.651"/>
  <system-out>
    <![CDATA[YOU ARE SIGNED OUT]]>
  </system-out>
</testsuite> <!-- Test_Classes.Mirafirt_Remove_AllFromCart_Test -->
