<?xml version="1.0" encoding="UTF-8"?>
<!-- Generated by org.testng.reporters.JUnitReportReporter -->
<testsuite hostname="DESKTOP-18BP1P8" failures="0" tests="3" name="Test_Classes.Mirafit_Offers_test" time="71.384" errors="0" timestamp="2022-04-11T11:25:22 IST" skipped="0">
  <testcase classname="Test_Classes.Mirafit_Offers_test" name="login" time="9.153"/>
  <system-out>
    <![CDATA[Manoj Sirsat
manojsirsat1997@gmail.com]]>
  </system-out>
  <testcase classname="Test_Classes.Mirafit_Offers_test" name="Offers" time="56.135"/>
  <system-out>
    <![CDATA[Product Image Displayed
Mirafit M230 Squat and Bench Press Rack has been added to your Wish List. Click here to continue shopping.
 The Product is IN STOCK
28  Reviews
You have no items in your shopping cart.
Click here to continue shopping.]]>
  </system-out>
  <testcase classname="Test_Classes.Mirafit_Offers_test" name="logout" time="6.096"/>
  <system-out>
    <![CDATA[YOU ARE SIGNED OUT]]>
  </system-out>
</testsuite> <!-- Test_Classes.Mirafit_Offers_test -->
