<?xml version="1.0" encoding="UTF-8"?>
<!-- Generated by org.testng.reporters.JUnitReportReporter -->
<testsuite hostname="DESKTOP-18BP1P8" failures="0" tests="6" name="Test_Classes.Mirafit_Search_Test" time="80.923" errors="0" timestamp="2022-03-15T15:40:22 IST" skipped="0">
  <testcase classname="Test_Classes.Mirafit_Search_Test" name="GetTitle" time="0.009"/>
  <system-out/>
  <testcase classname="Test_Classes.Mirafit_Search_Test" name="getcurrentURl" time="0.007"/>
  <system-out>
    <![CDATA[Tc Pass]]>
  </system-out>
  <testcase classname="Test_Classes.Mirafit_Search_Test" name="VerifyLogoDispalyed" time="0.030"/>
  <system-out/>
  <testcase classname="Test_Classes.Mirafit_Search_Test" name="login" time="10.695"/>
  <system-out>
    <![CDATA[Manoj Sirsat
manojsirsat1997@gmail.com]]>
  </system-out>
  <testcase classname="Test_Classes.Mirafit_Search_Test" name="AddToCart" time="64.264"/>
  <system-out>
    <![CDATA[Button is Disabled
Button enabled
DUMBBELLS
Product Image Displayed
Mirafit Rubber Dumbbell Set - Choice of Weight has been added to your Wish List. Click here to continue shopping.
 The Product is IN STOCK
108  Reviews
You have no items in your shopping cart.
Click here to continue shopping.]]>
  </system-out>
  <testcase classname="Test_Classes.Mirafit_Search_Test" name="logout" time="5.918"/>
  <system-out>
    <![CDATA[YOU ARE SIGNED OUT]]>
  </system-out>
</testsuite> <!-- Test_Classes.Mirafit_Search_Test -->
