<?xml version="1.0" encoding="UTF-8"?>
<!-- Generated by org.testng.reporters.JUnitReportReporter -->
<testsuite hostname="DESKTOP-18BP1P8" failures="0" tests="1" name="Test_Classes.Mirafit_Footer_Share_Options_Test" time="32.247" errors="0" timestamp="2022-07-06T12:33:25 IST" skipped="0">
  <testcase classname="Test_Classes.Mirafit_Footer_Share_Options_Test" name="Footer_Share_Option" time="32.247"/>
  <system-out>
    <![CDATA[
The URL for Facebook is https://www.facebook.com/MirafitOfficial/
The actual and expected URL is same 
-----------------------------------------

The URL for Instagram is https://www.instagram.com/accounts/login/?next=/mirafitofficial/
The actual and expected URL is different 
-----------------------------------------

The URL for Youtube is https://www.youtube.com/c/mirafitofficial
The actual and expected URL is same 
-----------------------------------------

The URL for Tik_Tok is https://www.tiktok.com/notfound
The actual and expected URL is same 
-----------------------------------------]]>
  </system-out>
</testsuite> <!-- Test_Classes.Mirafit_Footer_Share_Options_Test -->
